<?xml version="1.0" encoding="UTF-8"?>
<!-- Generated by org.testng.reporters.JUnitReportReporter -->
<testsuite skipped="0" hostname="DESKTOP-GNC5L7A" name="allTest.HomePageTest" tests="2" failures="0" timestamp="2020-03-03T14:33:59 EST" time="16.230" errors="0">
  <testcase name="textValidation" time="14.781" classname="allTest.HomePageTest"/>
  <system-out/>
  <testcase name="titaleValidation" time="1.449" classname="allTest.HomePageTest"/>
  <system-out/>
</testsuite> <!-- allTest.HomePageTest -->
